2017-07-05 10:40:15,432 ERROR[org.springframework.test.context.TestContextManager:231] - Caught exception while allowing TestExecutionListener [org.springframework.test.context.support.DependencyInjectionTestExecutionListener@21b50891] to prepare test instance [com.yingjun.ssm.biz.Application@6763ccc4]
java.lang.IllegalStateException: Failed to load ApplicationContext
	at org.springframework.test.context.cache.DefaultCacheAwareContextLoaderDelegate.loadContext(DefaultCacheAwareContextLoaderDelegate.java:124)
	at org.springframework.test.context.support.DefaultTestContext.getApplicationContext(DefaultTestContext.java:83)
	at org.springframework.test.context.support.DependencyInjectionTestExecutionListener.injectDependencies(DependencyInjectionTestExecutionListener.java:117)
	at org.springframework.test.context.support.DependencyInjectionTestExecutionListener.prepareTestInstance(DependencyInjectionTestExecutionListener.java:83)
	at org.springframework.test.context.TestContextManager.prepareTestInstance(TestContextManager.java:228)
	at org.springframework.test.context.junit4.SpringJUnit4ClassRunner.createTest(SpringJUnit4ClassRunner.java:217)
	at org.springframework.test.context.junit4.SpringJUnit4ClassRunner$1.runReflectiveCall(SpringJUnit4ClassRunner.java:276)
	at org.junit.internal.runners.model.ReflectiveCallable.run(ReflectiveCallable.java:12)
	at org.springframework.test.context.junit4.SpringJUnit4ClassRunner.methodBlock(SpringJUnit4ClassRunner.java:278)
	at org.springframework.test.context.junit4.SpringJUnit4ClassRunner.runChild(SpringJUnit4ClassRunner.java:236)
	at org.springframework.test.context.junit4.SpringJUnit4ClassRunner.runChild(SpringJUnit4ClassRunner.java:87)
	at org.junit.runners.ParentRunner$3.run(ParentRunner.java:290)
	at org.junit.runners.ParentRunner$1.schedule(ParentRunner.java:71)
	at org.junit.runners.ParentRunner.runChildren(ParentRunner.java:288)
	at org.junit.runners.ParentRunner.access$000(ParentRunner.java:58)
	at org.junit.runners.ParentRunner$2.evaluate(ParentRunner.java:268)
	at org.springframework.test.context.junit4.statements.RunBeforeTestClassCallbacks.evaluate(RunBeforeTestClassCallbacks.java:61)
	at org.springframework.test.context.junit4.statements.RunAfterTestClassCallbacks.evaluate(RunAfterTestClassCallbacks.java:70)
	at org.junit.runners.ParentRunner.run(ParentRunner.java:363)
	at org.springframework.test.context.junit4.SpringJUnit4ClassRunner.run(SpringJUnit4ClassRunner.java:180)
	at org.eclipse.jdt.internal.junit4.runner.JUnit4TestReference.run(JUnit4TestReference.java:86)
	at org.eclipse.jdt.internal.junit.runner.TestExecution.run(TestExecution.java:38)
	at org.eclipse.jdt.internal.junit.runner.RemoteTestRunner.runTests(RemoteTestRunner.java:459)
	at org.eclipse.jdt.internal.junit.runner.RemoteTestRunner.runTests(RemoteTestRunner.java:675)
	at org.eclipse.jdt.internal.junit.runner.RemoteTestRunner.run(RemoteTestRunner.java:382)
	at org.eclipse.jdt.internal.junit.runner.RemoteTestRunner.main(RemoteTestRunner.java:192)
Caused by: org.springframework.beans.factory.BeanCreationException: Error creating bean with name 'transactionBizService': Injection of autowired dependencies failed; nested exception is org.springframework.beans.factory.BeanCreationException: Could not autowire field: private com.yingjun.ssm.api.user.service.UserService com.yingjun.ssm.mq.biz.TransactionBizService.userService; nested exception is org.springframework.beans.factory.BeanCreationException: Error creating bean with name 'userService': FactoryBean threw exception on object creation; nested exception is java.lang.IllegalStateException: Failed to check the status of the service com.yingjun.ssm.api.user.service.UserService. No provider available for the service com.yingjun.ssm.api.user.service.UserService from the url zookeeper://127.0.0.1:2181/com.alibaba.dubbo.registry.RegistryService?addScoreByAsy.async=true&application=beautyssm-mq-consumer&dubbo=2.5.3&interface=com.yingjun.ssm.api.user.service.UserService&methods=addScoreBySyn,addScoreByAsy,queryByPhone,getUserList&owner=yingjun_mq&pid=23236&side=consumer&timestamp=1499222414894 to the consumer 172.18.2.129 use dubbo version 2.5.3
	at org.springframework.beans.factory.annotation.AutowiredAnnotationBeanPostProcessor.postProcessPropertyValues(AutowiredAnnotationBeanPostProcessor.java:334)
	at org.springframework.beans.factory.support.AbstractAutowireCapableBeanFactory.populateBean(AbstractAutowireCapableBeanFactory.java:1214)
	at org.springframework.beans.factory.support.AbstractAutowireCapableBeanFactory.doCreateBean(AbstractAutowireCapableBeanFactory.java:543)
	at org.springframework.beans.factory.support.AbstractAutowireCapableBeanFactory.createBean(AbstractAutowireCapableBeanFactory.java:482)
	at org.springframework.beans.factory.support.AbstractBeanFactory$1.getObject(AbstractBeanFactory.java:305)
	at org.springframework.beans.factory.support.DefaultSingletonBeanRegistry.getSingleton(DefaultSingletonBeanRegistry.java:230)
	at org.springframework.beans.factory.support.AbstractBeanFactory.doGetBean(AbstractBeanFactory.java:301)
	at org.springframework.beans.factory.support.AbstractBeanFactory.getBean(AbstractBeanFactory.java:196)
	at org.springframework.beans.factory.support.DefaultListableBeanFactory.preInstantiateSingletons(DefaultListableBeanFactory.java:772)
	at org.springframework.context.support.AbstractApplicationContext.finishBeanFactoryInitialization(AbstractApplicationContext.java:834)
	at org.springframework.context.support.AbstractApplicationContext.refresh(AbstractApplicationContext.java:537)
	at org.springframework.test.context.support.AbstractGenericContextLoader.loadContext(AbstractGenericContextLoader.java:125)
	at org.springframework.test.context.support.AbstractGenericContextLoader.loadContext(AbstractGenericContextLoader.java:60)
	at org.springframework.test.context.support.AbstractDelegatingSmartContextLoader.delegateLoading(AbstractDelegatingSmartContextLoader.java:109)
	at org.springframework.test.context.support.AbstractDelegatingSmartContextLoader.loadContext(AbstractDelegatingSmartContextLoader.java:261)
	at org.springframework.test.context.cache.DefaultCacheAwareContextLoaderDelegate.loadContextInternal(DefaultCacheAwareContextLoaderDelegate.java:98)
	at org.springframework.test.context.cache.DefaultCacheAwareContextLoaderDelegate.loadContext(DefaultCacheAwareContextLoaderDelegate.java:116)
	... 25 more
Caused by: org.springframework.beans.factory.BeanCreationException: Could not autowire field: private com.yingjun.ssm.api.user.service.UserService com.yingjun.ssm.mq.biz.TransactionBizService.userService; nested exception is org.springframework.beans.factory.BeanCreationException: Error creating bean with name 'userService': FactoryBean threw exception on object creation; nested exception is java.lang.IllegalStateException: Failed to check the status of the service com.yingjun.ssm.api.user.service.UserService. No provider available for the service com.yingjun.ssm.api.user.service.UserService from the url zookeeper://127.0.0.1:2181/com.alibaba.dubbo.registry.RegistryService?addScoreByAsy.async=true&application=beautyssm-mq-consumer&dubbo=2.5.3&interface=com.yingjun.ssm.api.user.service.UserService&methods=addScoreBySyn,addScoreByAsy,queryByPhone,getUserList&owner=yingjun_mq&pid=23236&side=consumer&timestamp=1499222414894 to the consumer 172.18.2.129 use dubbo version 2.5.3
	at org.springframework.beans.factory.annotation.AutowiredAnnotationBeanPostProcessor$AutowiredFieldElement.inject(AutowiredAnnotationBeanPostProcessor.java:571)
	at org.springframework.beans.factory.annotation.InjectionMetadata.inject(InjectionMetadata.java:88)
	at org.springframework.beans.factory.annotation.AutowiredAnnotationBeanPostProcessor.postProcessPropertyValues(AutowiredAnnotationBeanPostProcessor.java:331)
	... 41 more
Caused by: org.springframework.beans.factory.BeanCreationException: Error creating bean with name 'userService': FactoryBean threw exception on object creation; nested exception is java.lang.IllegalStateException: Failed to check the status of the service com.yingjun.ssm.api.user.service.UserService. No provider available for the service com.yingjun.ssm.api.user.service.UserService from the url zookeeper://127.0.0.1:2181/com.alibaba.dubbo.registry.RegistryService?addScoreByAsy.async=true&application=beautyssm-mq-consumer&dubbo=2.5.3&interface=com.yingjun.ssm.api.user.service.UserService&methods=addScoreBySyn,addScoreByAsy,queryByPhone,getUserList&owner=yingjun_mq&pid=23236&side=consumer&timestamp=1499222414894 to the consumer 172.18.2.129 use dubbo version 2.5.3
	at org.springframework.beans.factory.support.FactoryBeanRegistrySupport.doGetObjectFromFactoryBean(FactoryBeanRegistrySupport.java:175)
	at org.springframework.beans.factory.support.FactoryBeanRegistrySupport.getObjectFromFactoryBean(FactoryBeanRegistrySupport.java:103)
	at org.springframework.beans.factory.support.AbstractBeanFactory.getObjectForBeanInstance(AbstractBeanFactory.java:1574)
	at org.springframework.beans.factory.support.AbstractBeanFactory.doGetBean(AbstractBeanFactory.java:253)
	at org.springframework.beans.factory.support.AbstractBeanFactory.getBean(AbstractBeanFactory.java:196)
	at org.springframework.beans.factory.support.DefaultListableBeanFactory.findAutowireCandidates(DefaultListableBeanFactory.java:1145)
	at org.springframework.beans.factory.support.DefaultListableBeanFactory.doResolveDependency(DefaultListableBeanFactory.java:1069)
	at org.springframework.beans.factory.support.DefaultListableBeanFactory.resolveDependency(DefaultListableBeanFactory.java:967)
	at org.springframework.beans.factory.annotation.AutowiredAnnotationBeanPostProcessor$AutowiredFieldElement.inject(AutowiredAnnotationBeanPostProcessor.java:543)
	... 43 more
Caused by: java.lang.IllegalStateException: Failed to check the status of the service com.yingjun.ssm.api.user.service.UserService. No provider available for the service com.yingjun.ssm.api.user.service.UserService from the url zookeeper://127.0.0.1:2181/com.alibaba.dubbo.registry.RegistryService?addScoreByAsy.async=true&application=beautyssm-mq-consumer&dubbo=2.5.3&interface=com.yingjun.ssm.api.user.service.UserService&methods=addScoreBySyn,addScoreByAsy,queryByPhone,getUserList&owner=yingjun_mq&pid=23236&side=consumer&timestamp=1499222414894 to the consumer 172.18.2.129 use dubbo version 2.5.3
	at com.alibaba.dubbo.config.ReferenceConfig.createProxy(ReferenceConfig.java:420)
	at com.alibaba.dubbo.config.ReferenceConfig.init(ReferenceConfig.java:300)
	at com.alibaba.dubbo.config.ReferenceConfig.get(ReferenceConfig.java:138)
	at com.alibaba.dubbo.config.spring.ReferenceBean.getObject(ReferenceBean.java:65)
	at org.springframework.beans.factory.support.FactoryBeanRegistrySupport.doGetObjectFromFactoryBean(FactoryBeanRegistrySupport.java:168)
	... 51 more
2017-07-05 11:39:38,602 ERROR[com.alibaba.dubbo.remoting.transport.AbstractClient:112] -  [DUBBO] Failed to start NettyClient dell-PC/172.18.2.129 connect to the server /172.18.2.129:20880 (check == false, ignore and retry later!), cause: client(url: dubbo://172.18.2.129:20880/com.yingjun.ssm.api.user.service.UserService?addScoreByAsy.async=true&anyhost=true&application=beautyssm-mq-consumer&check=false&codec=dubbo&default.accepts=1000&default.timeout=10000&dubbo=2.5.3&heartbeat=60000&interface=com.yingjun.ssm.api.user.service.UserService&methods=addScoreBySyn,addScoreByAsy,queryByPhone,getUserList&owner=yingjun_mq&pid=22472&retries=0&side=consumer&timestamp=1499225976981) failed to connect to server /172.18.2.129:20880, error message is:Connection refused: no further information, dubbo version: 2.5.3, current host: 172.18.2.129
com.alibaba.dubbo.remoting.RemotingException: client(url: dubbo://172.18.2.129:20880/com.yingjun.ssm.api.user.service.UserService?addScoreByAsy.async=true&anyhost=true&application=beautyssm-mq-consumer&check=false&codec=dubbo&default.accepts=1000&default.timeout=10000&dubbo=2.5.3&heartbeat=60000&interface=com.yingjun.ssm.api.user.service.UserService&methods=addScoreBySyn,addScoreByAsy,queryByPhone,getUserList&owner=yingjun_mq&pid=22472&retries=0&side=consumer&timestamp=1499225976981) failed to connect to server /172.18.2.129:20880, error message is:Connection refused: no further information
	at com.alibaba.dubbo.remoting.transport.netty.NettyClient.doConnect(NettyClient.java:124)
	at com.alibaba.dubbo.remoting.transport.AbstractClient.connect(AbstractClient.java:280)
	at com.alibaba.dubbo.remoting.transport.AbstractClient.<init>(AbstractClient.java:103)
	at com.alibaba.dubbo.remoting.transport.netty.NettyClient.<init>(NettyClient.java:61)
	at com.alibaba.dubbo.remoting.transport.netty.NettyTransporter.connect(NettyTransporter.java:37)
	at com.alibaba.dubbo.remoting.Transporter$Adpative.connect(Transporter$Adpative.java)
	at com.alibaba.dubbo.remoting.Transporters.connect(Transporters.java:67)
	at com.alibaba.dubbo.remoting.exchange.support.header.HeaderExchanger.connect(HeaderExchanger.java:37)
	at com.alibaba.dubbo.remoting.exchange.Exchangers.connect(Exchangers.java:102)
	at com.alibaba.dubbo.rpc.protocol.dubbo.DubboProtocol.initClient(DubboProtocol.java:378)
	at com.alibaba.dubbo.rpc.protocol.dubbo.DubboProtocol.getSharedClient(DubboProtocol.java:344)
	at com.alibaba.dubbo.rpc.protocol.dubbo.DubboProtocol.getClients(DubboProtocol.java:321)
	at com.alibaba.dubbo.rpc.protocol.dubbo.DubboProtocol.refer(DubboProtocol.java:303)
	at com.alibaba.dubbo.rpc.protocol.ProtocolListenerWrapper.refer(ProtocolListenerWrapper.java:65)
	at com.alibaba.dubbo.rpc.protocol.ProtocolFilterWrapper.refer(ProtocolFilterWrapper.java:62)
	at com.alibaba.dubbo.rpc.Protocol$Adpative.refer(Protocol$Adpative.java)
	at com.alibaba.dubbo.registry.integration.RegistryDirectory.toInvokers(RegistryDirectory.java:395)
	at com.alibaba.dubbo.registry.integration.RegistryDirectory.refreshInvoker(RegistryDirectory.java:224)
	at com.alibaba.dubbo.registry.integration.RegistryDirectory.notify(RegistryDirectory.java:195)
	at com.alibaba.dubbo.registry.support.AbstractRegistry.notify(AbstractRegistry.java:449)
	at com.alibaba.dubbo.registry.support.FailbackRegistry.doNotify(FailbackRegistry.java:273)
	at com.alibaba.dubbo.registry.support.FailbackRegistry.notify(FailbackRegistry.java:259)
	at com.alibaba.dubbo.registry.zookeeper.ZookeeperRegistry.doSubscribe(ZookeeperRegistry.java:170)
	at com.alibaba.dubbo.registry.support.FailbackRegistry.subscribe(FailbackRegistry.java:189)
	at com.alibaba.dubbo.registry.integration.RegistryDirectory.subscribe(RegistryDirectory.java:133)
	at com.alibaba.dubbo.registry.integration.RegistryProtocol.doRefer(RegistryProtocol.java:271)
	at com.alibaba.dubbo.registry.integration.RegistryProtocol.refer(RegistryProtocol.java:254)
	at com.alibaba.dubbo.rpc.protocol.ProtocolListenerWrapper.refer(ProtocolListenerWrapper.java:63)
	at com.alibaba.dubbo.rpc.protocol.ProtocolFilterWrapper.refer(ProtocolFilterWrapper.java:60)
	at com.alibaba.dubbo.rpc.Protocol$Adpative.refer(Protocol$Adpative.java)
	at com.alibaba.dubbo.config.ReferenceConfig.createProxy(ReferenceConfig.java:392)
	at com.alibaba.dubbo.config.ReferenceConfig.init(ReferenceConfig.java:300)
	at com.alibaba.dubbo.config.ReferenceConfig.get(ReferenceConfig.java:138)
	at com.alibaba.dubbo.config.spring.ReferenceBean.getObject(ReferenceBean.java:65)
	at org.springframework.beans.factory.support.FactoryBeanRegistrySupport.doGetObjectFromFactoryBean(FactoryBeanRegistrySupport.java:168)
	at org.springframework.beans.factory.support.FactoryBeanRegistrySupport.getObjectFromFactoryBean(FactoryBeanRegistrySupport.java:103)
	at org.springframework.beans.factory.support.AbstractBeanFactory.getObjectForBeanInstance(AbstractBeanFactory.java:1574)
	at org.springframework.beans.factory.support.AbstractBeanFactory.doGetBean(AbstractBeanFactory.java:253)
	at org.springframework.beans.factory.support.AbstractBeanFactory.getBean(AbstractBeanFactory.java:196)
	at org.springframework.beans.factory.support.DefaultListableBeanFactory.findAutowireCandidates(DefaultListableBeanFactory.java:1145)
	at org.springframework.beans.factory.support.DefaultListableBeanFactory.doResolveDependency(DefaultListableBeanFactory.java:1069)
	at org.springframework.beans.factory.support.DefaultListableBeanFactory.resolveDependency(DefaultListableBeanFactory.java:967)
	at org.springframework.beans.factory.annotation.AutowiredAnnotationBeanPostProcessor$AutowiredFieldElement.inject(AutowiredAnnotationBeanPostProcessor.java:543)
	at org.springframework.beans.factory.annotation.InjectionMetadata.inject(InjectionMetadata.java:88)
	at org.springframework.beans.factory.annotation.AutowiredAnnotationBeanPostProcessor.postProcessPropertyValues(AutowiredAnnotationBeanPostProcessor.java:331)
	at org.springframework.beans.factory.support.AbstractAutowireCapableBeanFactory.populateBean(AbstractAutowireCapableBeanFactory.java:1214)
	at org.springframework.beans.factory.support.AbstractAutowireCapableBeanFactory.doCreateBean(AbstractAutowireCapableBeanFactory.java:543)
	at org.springframework.beans.factory.support.AbstractAutowireCapableBeanFactory.createBean(AbstractAutowireCapableBeanFactory.java:482)
	at org.springframework.beans.factory.support.AbstractBeanFactory$1.getObject(AbstractBeanFactory.java:305)
	at org.springframework.beans.factory.support.DefaultSingletonBeanRegistry.getSingleton(DefaultSingletonBeanRegistry.java:230)
	at org.springframework.beans.factory.support.AbstractBeanFactory.doGetBean(AbstractBeanFactory.java:301)
	at org.springframework.beans.factory.support.AbstractBeanFactory.getBean(AbstractBeanFactory.java:196)
	at org.springframework.beans.factory.support.DefaultListableBeanFactory.preInstantiateSingletons(DefaultListableBeanFactory.java:772)
	at org.springframework.context.support.AbstractApplicationContext.finishBeanFactoryInitialization(AbstractApplicationContext.java:834)
	at org.springframework.context.support.AbstractApplicationContext.refresh(AbstractApplicationContext.java:537)
	at org.springframework.test.context.support.AbstractGenericContextLoader.loadContext(AbstractGenericContextLoader.java:125)
	at org.springframework.test.context.support.AbstractGenericContextLoader.loadContext(AbstractGenericContextLoader.java:60)
	at org.springframework.test.context.support.AbstractDelegatingSmartContextLoader.delegateLoading(AbstractDelegatingSmartContextLoader.java:109)
	at org.springframework.test.context.support.AbstractDelegatingSmartContextLoader.loadContext(AbstractDelegatingSmartContextLoader.java:261)
	at org.springframework.test.context.cache.DefaultCacheAwareContextLoaderDelegate.loadContextInternal(DefaultCacheAwareContextLoaderDelegate.java:98)
	at org.springframework.test.context.cache.DefaultCacheAwareContextLoaderDelegate.loadContext(DefaultCacheAwareContextLoaderDelegate.java:116)
	at org.springframework.test.context.support.DefaultTestContext.getApplicationContext(DefaultTestContext.java:83)
	at org.springframework.test.context.support.DependencyInjectionTestExecutionListener.injectDependencies(DependencyInjectionTestExecutionListener.java:117)
	at org.springframework.test.context.support.DependencyInjectionTestExecutionListener.prepareTestInstance(DependencyInjectionTestExecutionListener.java:83)
	at org.springframework.test.context.TestContextManager.prepareTestInstance(TestContextManager.java:228)
	at org.springframework.test.context.junit4.SpringJUnit4ClassRunner.createTest(SpringJUnit4ClassRunner.java:217)
	at org.springframework.test.context.junit4.SpringJUnit4ClassRunner$1.runReflectiveCall(SpringJUnit4ClassRunner.java:276)
	at org.junit.internal.runners.model.ReflectiveCallable.run(ReflectiveCallable.java:12)
	at org.springframework.test.context.junit4.SpringJUnit4ClassRunner.methodBlock(SpringJUnit4ClassRunner.java:278)
	at org.springframework.test.context.junit4.SpringJUnit4ClassRunner.runChild(SpringJUnit4ClassRunner.java:236)
	at org.springframework.test.context.junit4.SpringJUnit4ClassRunner.runChild(SpringJUnit4ClassRunner.java:87)
	at org.junit.runners.ParentRunner$3.run(ParentRunner.java:290)
	at org.junit.runners.ParentRunner$1.schedule(ParentRunner.java:71)
	at org.junit.runners.ParentRunner.runChildren(ParentRunner.java:288)
	at org.junit.runners.ParentRunner.access$000(ParentRunner.java:58)
	at org.junit.runners.ParentRunner$2.evaluate(ParentRunner.java:268)
	at org.springframework.test.context.junit4.statements.RunBeforeTestClassCallbacks.evaluate(RunBeforeTestClassCallbacks.java:61)
	at org.springframework.test.context.junit4.statements.RunAfterTestClassCallbacks.evaluate(RunAfterTestClassCallbacks.java:70)
	at org.junit.runners.ParentRunner.run(ParentRunner.java:363)
	at org.springframework.test.context.junit4.SpringJUnit4ClassRunner.run(SpringJUnit4ClassRunner.java:180)
	at org.eclipse.jdt.internal.junit4.runner.JUnit4TestReference.run(JUnit4TestReference.java:86)
	at org.eclipse.jdt.internal.junit.runner.TestExecution.run(TestExecution.java:38)
	at org.eclipse.jdt.internal.junit.runner.RemoteTestRunner.runTests(RemoteTestRunner.java:459)
	at org.eclipse.jdt.internal.junit.runner.RemoteTestRunner.runTests(RemoteTestRunner.java:675)
	at org.eclipse.jdt.internal.junit.runner.RemoteTestRunner.run(RemoteTestRunner.java:382)
	at org.eclipse.jdt.internal.junit.runner.RemoteTestRunner.main(RemoteTestRunner.java:192)
Caused by: java.net.ConnectException: Connection refused: no further information
	at sun.nio.ch.SocketChannelImpl.checkConnect(Native Method)
	at sun.nio.ch.SocketChannelImpl.finishConnect(SocketChannelImpl.java:739)
	at org.jboss.netty.channel.socket.nio.NioClientSocketPipelineSink$Boss.connect(NioClientSocketPipelineSink.java:384)
	at org.jboss.netty.channel.socket.nio.NioClientSocketPipelineSink$Boss.processSelectedKeys(NioClientSocketPipelineSink.java:354)
	at org.jboss.netty.channel.socket.nio.NioClientSocketPipelineSink$Boss.run(NioClientSocketPipelineSink.java:276)
	at java.util.concurrent.ThreadPoolExecutor.runWorker(ThreadPoolExecutor.java:1145)
	at java.util.concurrent.ThreadPoolExecutor$Worker.run(ThreadPoolExecutor.java:615)
	at java.lang.Thread.run(Thread.java:745)
2017-07-05 11:39:38,714 ERROR[org.springframework.test.context.TestContextManager:231] - Caught exception while allowing TestExecutionListener [org.springframework.test.context.support.DependencyInjectionTestExecutionListener@2a06cd3b] to prepare test instance [com.yingjun.ssm.biz.Application@1610d6ac]
java.lang.IllegalStateException: Failed to load ApplicationContext
	at org.springframework.test.context.cache.DefaultCacheAwareContextLoaderDelegate.loadContext(DefaultCacheAwareContextLoaderDelegate.java:124)
	at org.springframework.test.context.support.DefaultTestContext.getApplicationContext(DefaultTestContext.java:83)
	at org.springframework.test.context.support.DependencyInjectionTestExecutionListener.injectDependencies(DependencyInjectionTestExecutionListener.java:117)
	at org.springframework.test.context.support.DependencyInjectionTestExecutionListener.prepareTestInstance(DependencyInjectionTestExecutionListener.java:83)
	at org.springframework.test.context.TestContextManager.prepareTestInstance(TestContextManager.java:228)
	at org.springframework.test.context.junit4.SpringJUnit4ClassRunner.createTest(SpringJUnit4ClassRunner.java:217)
	at org.springframework.test.context.junit4.SpringJUnit4ClassRunner$1.runReflectiveCall(SpringJUnit4ClassRunner.java:276)
	at org.junit.internal.runners.model.ReflectiveCallable.run(ReflectiveCallable.java:12)
	at org.springframework.test.context.junit4.SpringJUnit4ClassRunner.methodBlock(SpringJUnit4ClassRunner.java:278)
	at org.springframework.test.context.junit4.SpringJUnit4ClassRunner.runChild(SpringJUnit4ClassRunner.java:236)
	at org.springframework.test.context.junit4.SpringJUnit4ClassRunner.runChild(SpringJUnit4ClassRunner.java:87)
	at org.junit.runners.ParentRunner$3.run(ParentRunner.java:290)
	at org.junit.runners.ParentRunner$1.schedule(ParentRunner.java:71)
	at org.junit.runners.ParentRunner.runChildren(ParentRunner.java:288)
	at org.junit.runners.ParentRunner.access$000(ParentRunner.java:58)
	at org.junit.runners.ParentRunner$2.evaluate(ParentRunner.java:268)
	at org.springframework.test.context.junit4.statements.RunBeforeTestClassCallbacks.evaluate(RunBeforeTestClassCallbacks.java:61)
	at org.springframework.test.context.junit4.statements.RunAfterTestClassCallbacks.evaluate(RunAfterTestClassCallbacks.java:70)
	at org.junit.runners.ParentRunner.run(ParentRunner.java:363)
	at org.springframework.test.context.junit4.SpringJUnit4ClassRunner.run(SpringJUnit4ClassRunner.java:180)
	at org.eclipse.jdt.internal.junit4.runner.JUnit4TestReference.run(JUnit4TestReference.java:86)
	at org.eclipse.jdt.internal.junit.runner.TestExecution.run(TestExecution.java:38)
	at org.eclipse.jdt.internal.junit.runner.RemoteTestRunner.runTests(RemoteTestRunner.java:459)
	at org.eclipse.jdt.internal.junit.runner.RemoteTestRunner.runTests(RemoteTestRunner.java:675)
	at org.eclipse.jdt.internal.junit.runner.RemoteTestRunner.run(RemoteTestRunner.java:382)
	at org.eclipse.jdt.internal.junit.runner.RemoteTestRunner.main(RemoteTestRunner.java:192)
Caused by: org.springframework.beans.factory.BeanCreationException: Error creating bean with name 'transactionBizService': Injection of autowired dependencies failed; nested exception is org.springframework.beans.factory.BeanCreationException: Could not autowire field: private com.yingjun.ssm.api.user.service.UserService com.yingjun.ssm.mq.biz.TransactionBizService.userService; nested exception is org.springframework.beans.factory.BeanCreationException: Error creating bean with name 'userService': FactoryBean threw exception on object creation; nested exception is java.lang.IllegalStateException: Failed to check the status of the service com.yingjun.ssm.api.user.service.UserService. No provider available for the service com.yingjun.ssm.api.user.service.UserService from the url zookeeper://127.0.0.1:2181/com.alibaba.dubbo.registry.RegistryService?addScoreByAsy.async=true&anyhost=true&application=beautyssm-mq-consumer&check=false&default.accepts=1000&default.timeout=10000&dubbo=2.5.3&interface=com.yingjun.ssm.api.user.service.UserService&methods=addScoreBySyn,addScoreByAsy,queryByPhone,getUserList&owner=yingjun_mq&pid=22472&retries=0&side=consumer&timestamp=1499225976981 to the consumer 172.18.2.129 use dubbo version 2.5.3
	at org.springframework.beans.factory.annotation.AutowiredAnnotationBeanPostProcessor.postProcessPropertyValues(AutowiredAnnotationBeanPostProcessor.java:334)
	at org.springframework.beans.factory.support.AbstractAutowireCapableBeanFactory.populateBean(AbstractAutowireCapableBeanFactory.java:1214)
	at org.springframework.beans.factory.support.AbstractAutowireCapableBeanFactory.doCreateBean(AbstractAutowireCapableBeanFactory.java:543)
	at org.springframework.beans.factory.support.AbstractAutowireCapableBeanFactory.createBean(AbstractAutowireCapableBeanFactory.java:482)
	at org.springframework.beans.factory.support.AbstractBeanFactory$1.getObject(AbstractBeanFactory.java:305)
	at org.springframework.beans.factory.support.DefaultSingletonBeanRegistry.getSingleton(DefaultSingletonBeanRegistry.java:230)
	at org.springframework.beans.factory.support.AbstractBeanFactory.doGetBean(AbstractBeanFactory.java:301)
	at org.springframework.beans.factory.support.AbstractBeanFactory.getBean(AbstractBeanFactory.java:196)
	at org.springframework.beans.factory.support.DefaultListableBeanFactory.preInstantiateSingletons(DefaultListableBeanFactory.java:772)
	at org.springframework.context.support.AbstractApplicationContext.finishBeanFactoryInitialization(AbstractApplicationContext.java:834)
	at org.springframework.context.support.AbstractApplicationContext.refresh(AbstractApplicationContext.java:537)
	at org.springframework.test.context.support.AbstractGenericContextLoader.loadContext(AbstractGenericContextLoader.java:125)
	at org.springframework.test.context.support.AbstractGenericContextLoader.loadContext(AbstractGenericContextLoader.java:60)
	at org.springframework.test.context.support.AbstractDelegatingSmartContextLoader.delegateLoading(AbstractDelegatingSmartContextLoader.java:109)
	at org.springframework.test.context.support.AbstractDelegatingSmartContextLoader.loadContext(AbstractDelegatingSmartContextLoader.java:261)
	at org.springframework.test.context.cache.DefaultCacheAwareContextLoaderDelegate.loadContextInternal(DefaultCacheAwareContextLoaderDelegate.java:98)
	at org.springframework.test.context.cache.DefaultCacheAwareContextLoaderDelegate.loadContext(DefaultCacheAwareContextLoaderDelegate.java:116)
	... 25 more
Caused by: org.springframework.beans.factory.BeanCreationException: Could not autowire field: private com.yingjun.ssm.api.user.service.UserService com.yingjun.ssm.mq.biz.TransactionBizService.userService; nested exception is org.springframework.beans.factory.BeanCreationException: Error creating bean with name 'userService': FactoryBean threw exception on object creation; nested exception is java.lang.IllegalStateException: Failed to check the status of the service com.yingjun.ssm.api.user.service.UserService. No provider available for the service com.yingjun.ssm.api.user.service.UserService from the url zookeeper://127.0.0.1:2181/com.alibaba.dubbo.registry.RegistryService?addScoreByAsy.async=true&anyhost=true&application=beautyssm-mq-consumer&check=false&default.accepts=1000&default.timeout=10000&dubbo=2.5.3&interface=com.yingjun.ssm.api.user.service.UserService&methods=addScoreBySyn,addScoreByAsy,queryByPhone,getUserList&owner=yingjun_mq&pid=22472&retries=0&side=consumer&timestamp=1499225976981 to the consumer 172.18.2.129 use dubbo version 2.5.3
	at org.springframework.beans.factory.annotation.AutowiredAnnotationBeanPostProcessor$AutowiredFieldElement.inject(AutowiredAnnotationBeanPostProcessor.java:571)
	at org.springframework.beans.factory.annotation.InjectionMetadata.inject(InjectionMetadata.java:88)
	at org.springframework.beans.factory.annotation.AutowiredAnnotationBeanPostProcessor.postProcessPropertyValues(AutowiredAnnotationBeanPostProcessor.java:331)
	... 41 more
Caused by: org.springframework.beans.factory.BeanCreationException: Error creating bean with name 'userService': FactoryBean threw exception on object creation; nested exception is java.lang.IllegalStateException: Failed to check the status of the service com.yingjun.ssm.api.user.service.UserService. No provider available for the service com.yingjun.ssm.api.user.service.UserService from the url zookeeper://127.0.0.1:2181/com.alibaba.dubbo.registry.RegistryService?addScoreByAsy.async=true&anyhost=true&application=beautyssm-mq-consumer&check=false&default.accepts=1000&default.timeout=10000&dubbo=2.5.3&interface=com.yingjun.ssm.api.user.service.UserService&methods=addScoreBySyn,addScoreByAsy,queryByPhone,getUserList&owner=yingjun_mq&pid=22472&retries=0&side=consumer&timestamp=1499225976981 to the consumer 172.18.2.129 use dubbo version 2.5.3
	at org.springframework.beans.factory.support.FactoryBeanRegistrySupport.doGetObjectFromFactoryBean(FactoryBeanRegistrySupport.java:175)
	at org.springframework.beans.factory.support.FactoryBeanRegistrySupport.getObjectFromFactoryBean(FactoryBeanRegistrySupport.java:103)
	at org.springframework.beans.factory.support.AbstractBeanFactory.getObjectForBeanInstance(AbstractBeanFactory.java:1574)
	at org.springframework.beans.factory.support.AbstractBeanFactory.doGetBean(AbstractBeanFactory.java:253)
	at org.springframework.beans.factory.support.AbstractBeanFactory.getBean(AbstractBeanFactory.java:196)
	at org.springframework.beans.factory.support.DefaultListableBeanFactory.findAutowireCandidates(DefaultListableBeanFactory.java:1145)
	at org.springframework.beans.factory.support.DefaultListableBeanFactory.doResolveDependency(DefaultListableBeanFactory.java:1069)
	at org.springframework.beans.factory.support.DefaultListableBeanFactory.resolveDependency(DefaultListableBeanFactory.java:967)
	at org.springframework.beans.factory.annotation.AutowiredAnnotationBeanPostProcessor$AutowiredFieldElement.inject(AutowiredAnnotationBeanPostProcessor.java:543)
	... 43 more
Caused by: java.lang.IllegalStateException: Failed to check the status of the service com.yingjun.ssm.api.user.service.UserService. No provider available for the service com.yingjun.ssm.api.user.service.UserService from the url zookeeper://127.0.0.1:2181/com.alibaba.dubbo.registry.RegistryService?addScoreByAsy.async=true&anyhost=true&application=beautyssm-mq-consumer&check=false&default.accepts=1000&default.timeout=10000&dubbo=2.5.3&interface=com.yingjun.ssm.api.user.service.UserService&methods=addScoreBySyn,addScoreByAsy,queryByPhone,getUserList&owner=yingjun_mq&pid=22472&retries=0&side=consumer&timestamp=1499225976981 to the consumer 172.18.2.129 use dubbo version 2.5.3
	at com.alibaba.dubbo.config.ReferenceConfig.createProxy(ReferenceConfig.java:420)
	at com.alibaba.dubbo.config.ReferenceConfig.init(ReferenceConfig.java:300)
	at com.alibaba.dubbo.config.ReferenceConfig.get(ReferenceConfig.java:138)
	at com.alibaba.dubbo.config.spring.ReferenceBean.getObject(ReferenceBean.java:65)
	at org.springframework.beans.factory.support.FactoryBeanRegistrySupport.doGetObjectFromFactoryBean(FactoryBeanRegistrySupport.java:168)
	... 51 more
